.
├── Single Round Match 672
│   ├── resource
│   │   ├── SetPartialOrder.html
│   │   └── SubstitutionCipher.html
│   ├── src
│   │   ├── SetPartialOrder.java
│   │   └── SubstitutionCipher.java
│   └── test
│       ├── SetPartialOrderTest.java
│       └── SubstitutionCipherTest.java
├── src
│   ├── algo
│   │   ├── dp
│   │   │   ├── MaximumSubarray.java
│   │   │   ├── RodCutting.java
│   │   │   └── Steps.java
│   │   ├── objects
│   │   │   ├── BinarySearchTree.java
│   │   │   ├── BinaryTree.java
│   │   │   ├── HashTable.java
│   │   │   ├── Heap.java
│   │   │   ├── LinkedList.java
│   │   │   ├── Node.java
│   │   │   ├── Queue.java
│   │   │   ├── Stack.java
│   │   │   ├── StorageManager.java
│   │   │   ├── Tree.java
│   │   │   ├── TreeNode.java
│   │   │   └── Vertex.java
│   │   ├── search
│   │   │   ├── BFS.java
│   │   │   └── DFS.java
│   │   └── sort
│   │       ├── BubbleSort.java
│   │       └── TopologicalSort.java
│   └── prob
│       ├── Boulevard.java
│       ├── CFR328x2xAxPawnChess.java
│       ├── CFR592x2xBxMonsterSquirrel.java
│       ├── CleanerRobot.java
│       ├── EightQueens.java
│       ├── EmailAliases.java
│       ├── GourmetBanquet.java
│       ├── Lottery.java
│       ├── SRM144x2x2xBinaryCode.java
│       ├── SRM181x1x3xKiloManX.java
│       ├── SRM211x1x2xgrafixMask.java
│       ├── SRM352x2x2x500xNumberofFiboCalls.java
│       ├── SRM564x2x500xAlternateColors.java
│       ├── SRM609x2x250xMagicalString.java
│       ├── SRM610x2x250xDivideByZero.java
│       ├── SRM611x2x250xInterestingNumber.java
│       ├── SRM616x2x250xWakingUpEasy.java
│       ├── SRM616x2x600xColorfulCoinsEasy.java
│       ├── SRM617x2x250xSilverbachConjecture.java
│       ├── SRM617x2x500xSlimeXSlimonadeTycoon.java
│       ├── SRM663x2x250xChessFloor.java
│       ├── SRM663x2x500xABBA.java
│       ├── SRM664x1x250xBearPlays.java
│       ├── SRM664x2x500xBearPlaysDiv2.java
│       ├── SRM665x2x1xLuckyXor.java
│       ├── SRM666x2x440xGoodString.java
│       ├── SRM667x2x1x250xPointDistance.java
│       ├── SRM667x2x500xOrderOfOperationsDiv2.java
│       ├── SRM668x1x450xWalkingToSchool.java
│       ├── SRM668x2x600xIsItASquare.java
│       ├── SRM670x2x1xCdgame.java
│       ├── SRM670x2x2xDrbalance.java
│       ├── TCCC03x1x1xCircuits.java
│       ├── TCCC03x1x2xMarketing.java
│       ├── TCCC04OR4x1x250xBadNeighbors.java
│       ├── TCI02x1x2xEscape.java
│       ├── TCO14x1x1x200xEllysPairs.java
│       ├── TCO14x1x1x450xFizzBuzzTurbo.java
│       ├── TCO14x1x1x600xWolvesAndSheep.java
│       └── TrickySum.java
├── SRM 655 DIV 2
│   ├── resource
│   │   └── BichromeBoard.html
│   ├── src
│   │   └── BichromeBoard.java
│   └── test
│       └── BichromeBoardTest.java
├── SRM 656 DIV 2
│   ├── resource
│   │   └── CorruptedMessage.html
│   ├── src
│   │   └── CorruptedMessage.java
│   └── test
│       └── CorruptedMessageTest.java
├── SRM 657 DIV 2
│   ├── resource
│   │   └── EightRooks.html
│   ├── src
│   │   └── EightRooks.java
│   └── test
│       └── EightRooksTest.java
├── SRM 658 DIV 2
│   ├── resource
│   │   └── InfiniteString.html
│   ├── src
│   │   └── InfiniteString.java
│   └── test
│       └── InfiniteStringTest.java
├── SRM 659 DIV 2
│   ├── resource
│   │   └── FilipTheFrog.html
│   ├── src
│   │   └── FilipTheFrog.java
│   └── test
│       └── FilipTheFrogTest.java
├── SRM 660 DIV 2
│   ├── resource
│   │   └── Cyclemin.html
│   ├── src
│   │   └── Cyclemin.java
│   └── test
│       └── CycleminTest.java
├── SRM 661 DIV 2
│   ├── resource
│   │   ├── BridgeBuildingDiv2.html
│   │   └── FallingSand.html
│   ├── src
│   │   ├── BridgeBuildingDiv2.java
│   │   └── FallingSand.java
│   └── test
│       ├── BridgeBuildingDiv2Test.java
│       └── FallingSandTest.java
├── SRM 662 DIV 2
│   ├── resource
│   │   ├── ExactTreeEasy.html
│   │   └── Hexspeak.html
│   ├── src
│   │   ├── ExactTreeEasy.java
│   │   └── Hexspeak.java
│   └── test
│       ├── ExactTreeEasyTest.java
│       └── HexspeakTest.java
├── SRM 669 DIV 2
│   ├── resource
│   │   ├── CombiningSlimes.html
│   │   └── LineMSTDiv2.html
│   ├── src
│   │   ├── CombiningSlimes.java
│   │   └── LineMSTDiv2.java
│   └── test
│       ├── CombiningSlimesTest.java
│       └── LineMSTDiv2Test.java
├── SRM 671 DIV 2
│   ├── resource
│   │   └── BearPaints.html
│   ├── src
│   │   └── BearPaints.java
│   └── test
│       └── BearPaintsTest.java
└── temp.out

51 directories, 105 files
